Arguments: 
  /usr/local/Cellar/node/9.11.1/bin/node /usr/local/Cellar/yarn/1.5.1_1/libexec/bin/yarn.js run ios

PATH: 
  /usr/local/bin:/usr/bin:/bin:/usr/sbin:/sbin

Yarn version: 
  1.5.1

Node version: 
  9.11.1

Platform: 
  darwin x64

npm manifest: 
  {
    "name": "habitat-server",
    "version": "1.0.0",
    "description": "RESTFUL API for habitat, a human to human real estate platform",
    "main": "app.js",
    "scripts": {
      "test": "echo \"Error: no test specified\" && exit 1",
      "sample": "node ./data/loadSampleData.js",
      "nukeit": "node ./data/loadSampleData.js --delete"
    },
    "keywords": [
      "habitat",
      "real",
      "estate"
    ],
    "author": "Henri Viiralt",
    "license": "ISC",
    "dependencies": {
      "axios": "^0.18.0",
      "dotenv": "^6.0.0",
      "kcors": "^2.2.1",
      "koa": "^2.5.1",
      "koa-bodyparser": "^4.2.1",
      "koa-logger": "^3.2.0",
      "koa-router": "^7.4.0",
      "mongoose": "^5.1.4",
      "slugs": "^0.1.3"
    },
    "devDependencies": {
      "babel-eslint": "^8.2.3",
      "babel-preset-react-native-stage-0": "^1.0.1",
      "eslint": "^4.19.1",
      "eslint-config-airbnb": "^16.1.0",
      "eslint-plugin-import": "^2.12.0",
      "eslint-plugin-jsx-a11y": "^6.0.3",
      "eslint-plugin-react": "^7.8.2",
      "nodemon": "^1.17.5"
    }
  }

yarn manifest: 
  No manifest

Lockfile: 
  No lockfile

Trace: 
  Error: Command "ios" not found.
      at new MessageError (/usr/local/Cellar/yarn/1.5.1_1/libexec/lib/cli.js:186:110)
      at /usr/local/Cellar/yarn/1.5.1_1/libexec/lib/cli.js:87307:17
      at Generator.next (<anonymous>)
      at step (/usr/local/Cellar/yarn/1.5.1_1/libexec/lib/cli.js:98:30)
      at /usr/local/Cellar/yarn/1.5.1_1/libexec/lib/cli.js:116:14
      at new Promise (<anonymous>)
      at new F (/usr/local/Cellar/yarn/1.5.1_1/libexec/lib/cli.js:23451:28)
      at /usr/local/Cellar/yarn/1.5.1_1/libexec/lib/cli.js:95:12
      at runCommand (/usr/local/Cellar/yarn/1.5.1_1/libexec/lib/cli.js:87312:22)
      at Object.<anonymous> (/usr/local/Cellar/yarn/1.5.1_1/libexec/lib/cli.js:87412:14)
